Z:\4.프로젝트\1.설계\2014\나라콘트롤\차병원_동물실험실\실시용\소방기계\도면\MF-001 지상7층 소화설비 평면도.dwg,모형,2014-09-03 오후 3:04:55,Administrator,HP LaserJet 5200 Series PCL 5,A3,1:240,
Z:\4.프로젝트\1.설계\2014\나라콘트롤\차병원_동물실험실\실시용\소방기계\도면\MF-002 지상7층 제연설비 평면도.dwg,모형,2014-09-03 오후 3:05:04,Administrator,HP LaserJet 5200 Series PCL 5,A3,1:240,
Z:\4.프로젝트\1.설계\2014\나라콘트롤\차병원_동물실험실\실시용\소방기계\도면\MF-002 지상7층 제연설비 평면도.dwg,모형,2014-09-03 오후 3:05:11,Administrator,HP LaserJet 5200 Series PCL 5,A3,1:240,
Z:\4.프로젝트\1.설계\2014\나라콘트롤\차병원_동물실험실\실시용\소방기계\도면\MF-002 지상7층 제연설비 평면도.dwg,모형,2014-09-03 오후 3:05:22,Administrator,HP LaserJet 5200 Series PCL 5,A3,1:120,
Z:\4.프로젝트\1.설계\2014\나라콘트롤\차병원_동물실험실\실시용\소방기계\도면\MF-002 지상7층 제연설비 평면도.dwg,모형,2014-09-03 오후 3:05:45,Administrator,HP LaserJet 5200 Series PCL 5,A3,1:120,
Z:\4.프로젝트\1.설계\2014\나라콘트롤\차병원_동물실험실\실시용\소방기계\도면\MF-002 지상7층 제연설비 평면도.dwg,모형,2014-09-03 오후 3:05:53,Administrator,HP LaserJet 5200 Series PCL 5,A3,1:120,
Z:\4.프로젝트\1.설계\2014\나라콘트롤\차병원_동물실험실\실시용\소방기계\도면\MF-002 지상7층 제연설비 평면도.dwg,모형,2014-09-03 오후 3:05:58,Administrator,HP LaserJet 5200 Series PCL 5,A3,1:120,
D:\2013\차병원 판교종합연구소\설계변경\차병원 설계변경자료(도면및내역서)제출전송20141218-삼정일렉스\삼정\화재경보설비\EF-003 화재경보설비평면도(신설)-변경후.dwg,Model,2015-02-25 오후 4:43:59,N80,Canon iR3230 UFR II,A3,1:236.816,
D:\2013\차병원 판교종합연구소\설계변경\차병원 설계변경자료(도면및내역서)제출전송20141218-삼정일렉스\삼정\화재경보설비\EF-004 화재경보설비평면도(신설)-변경후.dwg,Model,2015-02-25 오후 4:45:03,N80,Canon iR3230 UFR II,A3,1:236.816,
D:\2013\차병원 판교종합연구소\설계변경\차병원 설계변경자료(도면및내역서)제출전송20141218-삼정일렉스\삼정\화재경보설비\EF-005 지상7층화재경보설비확대평면도(신설)-2A-신설공사.dwg,Model,2015-02-25 오후 4:47:04,N80,Canon iR3230 UFR II,A3,1:118.408,
D:\2013\차병원 판교종합연구소\설계변경\차병원 설계변경자료(도면및내역서)제출전송20141218-삼정일렉스\삼정\화재경보설비\EF-006 지상7층화재경보설비확대평면도(신설)-2B-신설공사.dwg,Model,2015-02-25 오후 4:47:32,N80,Canon iR3230 UFR II,A3,1:78.9388,
D:\2013\차병원 판교종합연구소\설계변경\차병원 설계변경자료(도면및내역서)제출전송20141218-삼정일렉스\삼정\화재경보설비\EF-006 지상7층화재경보설비확대평면도(신설)-2B-신설공사.dwg,Model,2015-02-25 오후 4:48:31,N80,Canon iR3230 UFR II,A3,1:78.9388,
D:\2013\차병원 판교종합연구소\설계변경\차병원 설계변경자료(도면및내역서)제출전송20141218-삼정일렉스\삼정\화재경보설비\EF-007 지상7층화재경보설비확대평면도(신설)-2C-신설공사.dwg,Model,2015-02-25 오후 4:49:03,N80,Canon iR3230 UFR II,A3,1:157.878,
D:\2013\차병원 판교종합연구소\설계변경\차병원 설계변경자료(도면및내역서)제출전송20141218-삼정일렉스\삼정\화재경보설비\EF-008 지상7층화재경보설비확대평면도(신설)-2D-신설공사.dwg,Model,2015-02-25 오후 4:49:27,N80,Canon iR3230 UFR II,A3,1:118.408,
D:\2013\차병원 판교종합연구소\설계변경\차병원 설계변경자료(도면및내역서)제출전송20141218-삼정일렉스\삼정\화재경보설비\EF-009 지상7층화재경보설비확대평면도(신설)-2E-신설공사.dwg,Model,2015-02-25 오후 4:49:52,N80,Canon iR3230 UFR II,A3,1:78.9388,
D:\2013\차병원 판교종합연구소\설계변경\차병원 설계변경자료(도면및내역서)제출전송20141218-삼정일렉스\삼정\화재경보설비\EF-010 지상7층화재경보설비확대평면도(신설)-2F-신설공사.dwg,Model,2015-02-25 오후 4:50:15,N80,Canon iR3230 UFR II,A3,1:118.408,
D:\2013\차병원 판교종합연구소\설계변경\차병원 설계변경자료(도면및내역서)제출전송20141218-삼정일렉스\삼정\화재경보설비\EF-002 화재경보설비평면도(철거)-변경후.dwg,Model,2015-02-25 오후 4:50:59,N80,Canon iR3230 UFR II,A3,1:236.816,
D:\2013\차병원 판교종합연구소\설계변경\차병원 설계변경자료(도면및내역서)제출전송20141218-삼정일렉스\차병원설계변경설비변경도면20141218(총괄도면).dwg,Model,2015-02-25 오후 4:53:04,N80,Canon iR3230 UFR II,A3,1:396.144,
D:\2013\차병원 판교종합연구소\설계변경\차병원 설계변경자료(도면및내역서)제출전송20141218-삼정일렉스\차병원설계변경설비변경도면20141218(총괄도면).dwg,Model,2015-02-25 오후 4:53:23,N80,Canon iR3230 UFR II,A3,1:394.694,
D:\2013\차병원 판교종합연구소\설계변경\차병원 설계변경자료(도면및내역서)제출전송20141218-삼정일렉스\차병원설계변경설비변경도면20141218(총괄도면).dwg,Model,2015-02-25 오후 4:53:48,N80,Canon iR3230 UFR II,A3,1:148.01,
D:\2013\차병원 판교종합연구소\설계변경\차병원 설계변경자료(도면및내역서)제출전송20141218-삼정일렉스\차병원설계변경설비변경도면20141218(총괄도면).dwg,Model,2015-02-25 오후 4:54:01,N80,Canon iR3230 UFR II,A3,1:394.694,
D:\2013\차병원 판교종합연구소\설계변경\차병원 설계변경자료(도면및내역서)제출전송20141218-삼정일렉스\차병원설계변경설비변경도면20141218(총괄도면).dwg,Model,2015-02-25 오후 4:54:14,N80,Canon iR3230 UFR II,A3,1:148.01,
D:\2013\차병원 판교종합연구소\설계변경\차병원 설계변경자료(도면및내역서)제출전송20141218-삼정일렉스\차병원설계변경설비변경도면20141218(총괄도면).dwg,Model,2015-02-25 오후 4:54:27,N80,Canon iR3230 UFR II,A3,1:148.01,
D:\2013\차병원 판교종합연구소\설계변경\차병원 설계변경자료(도면및내역서)제출전송20141218-삼정일렉스\차병원설계변경설비변경도면20141218(총괄도면).dwg,Model,2015-02-25 오후 4:54:43,N80,Canon iR3230 UFR II,A3,1:296.02,
D:\2013\차병원 판교종합연구소\설계변경\차병원 설계변경자료(도면및내역서)제출전송20141218-삼정일렉스\차병원설계변경설비변경도면20141218(총괄도면).dwg,Model,2015-02-25 오후 4:54:55,N80,Canon iR3230 UFR II,A3,1:197.347,
D:\2013\차병원 판교종합연구소\설계변경\차병원 설계변경자료(도면및내역서)제출전송20141218-삼정일렉스\차병원설계변경설비변경도면20141218(총괄도면).dwg,Model,2015-02-25 오후 4:55:10,N80,Canon iR3230 UFR II,A3,1:296.02,
D:\2013\차병원 판교종합연구소\설계변경\차병원 설계변경자료(도면및내역서)제출전송20141218-삼정일렉스\차병원설계변경설비변경도면20141218(총괄도면).dwg,Model,2015-02-25 오후 4:55:26,N80,Canon iR3230 UFR II,A3,1:384.827,
D:\2013\차병원 판교종합연구소\설계변경\차병원 설계변경자료(도면및내역서)제출전송20141218-삼정일렉스\차병원설계변경설비변경도면20141218(총괄도면).dwg,Model,2015-02-25 오후 4:55:38,N80,Canon iR3230 UFR II,A3,1:383.376,
