D:\2013\차병원 판교종합연구소\설계변경\백데이터(김팀장님)\헤파박스배치도-변경후.dwg,Model,2015-02-25 오후 3:36:28,N80,Canon iR3230 UFR II,A3,1:124.974,
D:\2013\차병원 판교종합연구소\설계변경\백데이터(김팀장님)\방진공사-변경전.dwg,Model,2015-02-25 오후 3:40:20,N80,Canon iR3230 UFR II,A3,1:197.347,
D:\2013\차병원 판교종합연구소\기술검토\방진공사\[나산플랜트]공사일정표 및 후레임 크기 검토 도면 재송부의 건\1.이중바닥 방진 도면(UCR, E.P UJM)-140728.dwg,Model,2015-02-25 오후 3:47:56,N80,Canon iR3230 UFR II,A3,1:148.01,
D:\2013\차병원 판교종합연구소\기술검토\방진공사\[나산플랜트]공사일정표 및 후레임 크기 검토 도면 재송부의 건\1.이중바닥 방진 도면(UCR, E.P UJM)-140728.dwg,Model,2015-02-25 오후 3:48:05,N80,Canon iR3230 UFR II,A3,1:148.01,
C:\Users\N80\Desktop\준공도면\7월9일-최종도면-발주처송부\소방기계-제연\MF-001 지상7층 소화설비 평면도.dwg,Model,2015-03-16 오후 10:24:13,N80,Canon iR3230 UFR II,A3,1:132.5,
C:\Users\N80\Desktop\준공도면\7월9일-최종도면-발주처송부\기계설계도\01-도면목록,장비일람,장비배치-1503.dwg,Model,2015-03-16 오후 10:27:48,N80,Canon iR3230 UFR II,A3,1:98.6735,
C:\Users\N80\Desktop\준공도면\7월9일-최종도면-발주처송부\소방기계-제연\MF-001 지상7층 소화설비 평면도.dwg,Model,2015-03-16 오후 10:29:05,N80,Canon iR3230 UFR II,A3,1:249.949,
C:\Users\N80\Desktop\준공도면\7월9일-최종도면-발주처송부\소방기계-제연\MF-002 지상7층 제연설비 평면도.dwg,Model,2015-03-16 오후 10:29:29,N80,Canon iR3230 UFR II,A3,1:249.949,
C:\Users\N80\Desktop\준공도면\7월9일-최종도면-발주처송부\소방기계-제연\MF-002 지상7층 제연설비 평면도.dwg,Model,2015-03-16 오후 10:29:46,N80,Canon iR3230 UFR II,A3,1:249.949,
C:\Users\N80\Desktop\준공도면\7월9일-최종도면-발주처송부\소방기계-제연\MF-002 지상7층 제연설비 평면도.dwg,Model,2015-03-16 오후 10:29:58,N80,Canon iR3230 UFR II,A3,1:249.949,
C:\Users\N80\Desktop\준공도면\7월9일-최종도면-발주처송부\소방기계-제연\MF-002 지상7층 제연설비 평면도.dwg,Model,2015-03-16 오후 10:30:13,N80,Canon iR3230 UFR II,A3,1:124.974,
C:\Users\N80\Desktop\준공도면\7월9일-최종도면-발주처송부\소방기계-제연\MF-002 지상7층 제연설비 평면도.dwg,Model,2015-03-16 오후 10:30:25,N80,Canon iR3230 UFR II,A3,1:124.974,
C:\Users\N80\Desktop\준공도면\7월9일-최종도면-발주처송부\소방기계-제연\MF-002 지상7층 제연설비 평면도.dwg,Model,2015-03-16 오후 10:30:33,N80,Canon iR3230 UFR II,A3,1:124.974,
C:\Users\N80\Desktop\준공도면\7월9일-최종도면-발주처송부\소방기계-제연\MF-002 지상7층 제연설비 평면도.dwg,Model,2015-03-16 오후 10:30:48,N80,Canon iR3230 UFR II,A3,1:124.974,
C:\Users\N80\Desktop\준공도면\7월9일-최종도면-발주처송부\소방기계-제연\MF-002 지상7층 제연설비 평면도.dwg,Model,2015-03-16 오후 10:30:58,N80,Canon iR3230 UFR II,A3,1:124.974,
C:\Users\N80\Desktop\준공도면\7월9일-최종도면-발주처송부\소방기계-제연\MF-002 지상7층 제연설비 평면도.dwg,Model,2015-03-16 오후 10:31:08,N80,Canon iR3230 UFR II,A3,1:124.974,
C:\Users\N80\Desktop\준공도면\7월9일-최종도면-발주처송부\소방전기-제연\EF-001 화재경보설비간선계통도.dwg,Model,2015-03-16 오후 10:35:25,N80,Canon iR3230 UFR II,A3,1:416.581,
C:\Users\N80\Desktop\준공도면\7월9일-최종도면-발주처송부\소방전기-제연\EF-002 화재경보설비평면도(철거).dwg,Model,2015-03-16 오후 10:36:05,N80,Canon iR3230 UFR II,A3,1:233.269,
C:\Users\N80\Desktop\준공도면\7월9일-최종도면-발주처송부\소방전기-제연\EF-003 화재경보설비평면도(신설).dwg,Model,2015-03-16 오후 10:36:33,N80,Canon iR3230 UFR II,A3,1:233.269,
C:\Users\N80\Desktop\준공도면\7월9일-최종도면-발주처송부\소방전기-제연\EF-004 화재경보설비평면도(신설).dwg,Model,2015-03-16 오후 10:37:01,N80,Canon iR3230 UFR II,A3,1:233.269,
C:\Users\N80\Desktop\준공도면\7월9일-최종도면-발주처송부\소방전기-제연\EF-005 지상7층화재경보설비확대평면도(신설)-2A.dwg,Model,2015-03-16 오후 10:37:25,N80,Canon iR3230 UFR II,A3,1:116.634,
C:\Users\N80\Desktop\준공도면\7월9일-최종도면-발주처송부\소방전기-제연\EF-006 지상7층화재경보설비확대평면도(신설)-2B.dwg,Model,2015-03-16 오후 10:37:57,N80,Canon iR3230 UFR II,A3,1:77.7562,
C:\Users\N80\Desktop\준공도면\7월9일-최종도면-발주처송부\소방전기-제연\EF-007 지상7층화재경보설비확대평면도(신설)-2C.dwg,Model,2015-03-16 오후 10:38:18,N80,Canon iR3230 UFR II,A3,1:155.512,
C:\Users\N80\Desktop\준공도면\7월9일-최종도면-발주처송부\소방전기-제연\EF-008 지상7층화재경보설비확대평면도(신설)-2D.dwg,Model,2015-03-16 오후 10:38:37,N80,Canon iR3230 UFR II,A3,1:116.634,
C:\Users\N80\Desktop\준공도면\7월9일-최종도면-발주처송부\소방전기-제연\EF-009 지상7층화재경보설비확대평면도(신설)-2E.dwg,Model,2015-03-16 오후 10:38:58,N80,Canon iR3230 UFR II,A3,1:77.7562,
C:\Users\N80\Desktop\준공도면\7월9일-최종도면-발주처송부\소방전기-제연\EF-010 지상7층화재경보설비확대평면도(신설)-2F.dwg,Model,2015-03-16 오후 10:39:22,N80,Canon iR3230 UFR II,A3,1:116.634,
C:\Users\N80\Desktop\준공도면\7월9일-최종도면-발주처송부\소방전기-제연\EF-011 유도등설비평면도.dwg,Model,2015-03-16 오후 10:39:47,N80,Canon iR3230 UFR II,A3,1:233.269,
C:\Users\N80\Desktop\준공도면\7월9일-최종도면-발주처송부\소방전기-제연\EF-012 지상7층방송설비평면도.dwg,Model,2015-03-16 오후 10:40:09,N80,Canon iR3230 UFR II,A3,1:291.586,
C:\Users\N80\Desktop\준공도면\7월9일-최종도면-발주처송부\소방전기-제연\EF-013 지상7층전등설비평면도.dwg,Model,2015-03-16 오후 10:40:31,N80,Canon iR3230 UFR II,A3,1:291.586,
C:\Users\N80\Desktop\준공도면\7월9일-최종도면-발주처송부\소방기계-제연\MF-001 지상7층 소화설비 평면도.dwg,Model,2015-03-16 오후 11:14:00,N80,Canon iR3230 UFR II,A3,1:104.145,
C:\Users\N80\Desktop\준공도면\7월9일-최종도면-발주처송부\소방기계-제연\MF-001 지상7층 소화설비 평면도.dwg,Model,2015-03-16 오후 11:14:37,N80,Canon iR3230 UFR II,A3,1:249.949,
C:\Users\N80\Desktop\준공도면\7월9일-최종도면-발주처송부\소방기계-제연\MF-001 지상7층 소화설비 평면도.dwg,Model,2015-03-16 오후 11:14:49,N80,Canon iR3230 UFR II,A3,1:249.949,
C:\Users\N80\Desktop\준공도면\7월9일-최종도면-발주처송부\소방기계-제연\MF-002 지상7층 제연설비 평면도.dwg,Model,2015-03-16 오후 11:17:51,N80,Canon iR3230 UFR II,A3,1:249.949,
C:\Users\N80\Desktop\준공도면\7월9일-최종도면-발주처송부\소방기계-제연\MF-002 지상7층 제연설비 평면도.dwg,Model,2015-03-16 오후 11:18:09,N80,Canon iR3230 UFR II,A3,1:124.974,
C:\Users\N80\Desktop\준공도면\7월9일-최종도면-발주처송부\소방기계-제연\MF-002 지상7층 제연설비 평면도.dwg,Model,2015-03-16 오후 11:18:20,N80,Canon iR3230 UFR II,A3,1:124.974,
C:\Users\N80\Desktop\준공도면\7월9일-최종도면-발주처송부\소방기계-제연\MF-002 지상7층 제연설비 평면도.dwg,Model,2015-03-16 오후 11:18:29,N80,Canon iR3230 UFR II,A3,1:124.974,
C:\Users\N80\Desktop\준공도면\7월9일-최종도면-발주처송부\소방기계-제연\MF-002 지상7층 제연설비 평면도.dwg,Model,2015-03-16 오후 11:18:38,N80,Canon iR3230 UFR II,A3,1:124.974,
C:\Users\N80\Desktop\준공도면\7월9일-최종도면-발주처송부\소방기계-제연\MF-002 지상7층 제연설비 평면도.dwg,Model,2015-03-16 오후 11:18:48,N80,Canon iR3230 UFR II,A3,1:124.974,
C:\Users\N80\Desktop\준공도면\7월9일-최종도면-발주처송부\소방기계-제연\MF-002 지상7층 제연설비 평면도.dwg,Model,2015-03-16 오후 11:18:56,N80,Canon iR3230 UFR II,A3,1:124.974,
C:\Users\N80\Desktop\준공도면\7월9일-최종도면-발주처송부\소방기계-제연\MF-002 지상7층 제연설비 평면도.dwg,Model,2015-03-16 오후 11:19:09,N80,Canon iR3230 UFR II,A3,1:249.949,
C:\Users\N80\Desktop\준공도면\7월9일-최종도면-발주처송부\소방전기-제연\EF-001 화재경보설비간선계통도.dwg,Model,2015-03-16 오후 11:20:00,N80,Canon iR3230 UFR II,A3,1:416.581,
C:\Users\N80\Desktop\준공도면\7월9일-최종도면-발주처송부\소방전기-제연\EF-002 화재경보설비평면도(철거).dwg,Model,2015-03-16 오후 11:20:47,N80,Canon iR3230 UFR II,A3,1:233.269,
C:\Users\N80\Desktop\준공도면\7월9일-최종도면-발주처송부\소방전기-제연\EF-003 화재경보설비평면도(신설).dwg,Model,2015-03-16 오후 11:21:31,N80,Canon iR3230 UFR II,A3,1:233.269,
C:\Users\N80\Desktop\준공도면\7월9일-최종도면-발주처송부\소방전기-제연\EF-004 화재경보설비평면도(신설).dwg,Model,2015-03-16 오후 11:22:09,N80,Canon iR3230 UFR II,A3,1:233.269,
C:\Users\N80\Desktop\준공도면\7월9일-최종도면-발주처송부\소방전기-제연\EF-005 지상7층화재경보설비확대평면도(신설)-2A.dwg,Model,2015-03-16 오후 11:22:44,N80,Canon iR3230 UFR II,A3,1:116.634,
C:\Users\N80\Desktop\준공도면\7월9일-최종도면-발주처송부\소방전기-제연\EF-006 지상7층화재경보설비확대평면도(신설)-2B.dwg,Model,2015-03-16 오후 11:23:22,N80,Canon iR3230 UFR II,A3,1:77.7562,
C:\Users\N80\Desktop\준공도면\7월9일-최종도면-발주처송부\소방전기-제연\EF-007 지상7층화재경보설비확대평면도(신설)-2C.dwg,Model,2015-03-16 오후 11:23:57,N80,Canon iR3230 UFR II,A3,1:155.512,
C:\Users\N80\Desktop\준공도면\7월9일-최종도면-발주처송부\소방전기-제연\EF-008 지상7층화재경보설비확대평면도(신설)-2D.dwg,Model,2015-03-16 오후 11:24:32,N80,Canon iR3230 UFR II,A3,1:116.634,
C:\Users\N80\Desktop\준공도면\7월9일-최종도면-발주처송부\소방전기-제연\EF-009 지상7층화재경보설비확대평면도(신설)-2E.dwg,Model,2015-03-16 오후 11:25:06,N80,Canon iR3230 UFR II,A3,1:77.7562,
C:\Users\N80\Desktop\준공도면\7월9일-최종도면-발주처송부\소방전기-제연\EF-010 지상7층화재경보설비확대평면도(신설)-2F.dwg,Model,2015-03-16 오후 11:25:40,N80,Canon iR3230 UFR II,A3,1:116.634,
C:\Users\N80\Desktop\준공도면\7월9일-최종도면-발주처송부\소방전기-제연\EF-011 유도등설비평면도.dwg,Model,2015-03-16 오후 11:26:18,N80,Canon iR3230 UFR II,A3,1:233.269,
C:\Users\N80\Desktop\준공도면\7월9일-최종도면-발주처송부\소방전기-제연\EF-012 지상7층방송설비평면도.dwg,Model,2015-03-16 오후 11:26:57,N80,Canon iR3230 UFR II,A3,1:291.586,
C:\Users\N80\Desktop\준공도면\7월9일-최종도면-발주처송부\소방전기-제연\EF-013 지상7층전등설비평면도.dwg,Model,2015-03-16 오후 11:27:33,N80,Canon iR3230 UFR II,A3,1:291.586,
C:\Users\N80\Desktop\준공도면\7월9일-최종도면-발주처송부\소방기계-제연\MF-001 지상7층 소화설비 평면도.dwg,Model,2015-03-16 오후 11:28:31,N80,Canon iR3230 UFR II,A3,1:249.949,
C:\Users\N80\Desktop\준공도면\7월9일-최종도면-발주처송부\소방기계-제연\MF-001 지상7층 소화설비 평면도.dwg,Model,2015-03-16 오후 11:28:41,N80,Canon iR3230 UFR II,A3,1:249.949,
C:\Users\N80\Desktop\준공도면\7월9일-최종도면-발주처송부\소방기계-제연\MF-002 지상7층 제연설비 평면도.dwg,Model,2015-03-16 오후 11:30:06,N80,Canon iR3230 UFR II,A3,1:249.949,
C:\Users\N80\Desktop\준공도면\7월9일-최종도면-발주처송부\소방기계-제연\MF-002 지상7층 제연설비 평면도.dwg,Model,2015-03-16 오후 11:30:23,N80,Canon iR3230 UFR II,A3,1:124.974,
C:\Users\N80\Desktop\준공도면\7월9일-최종도면-발주처송부\소방기계-제연\MF-002 지상7층 제연설비 평면도.dwg,Model,2015-03-16 오후 11:30:33,N80,Canon iR3230 UFR II,A3,1:124.974,
C:\Users\N80\Desktop\준공도면\7월9일-최종도면-발주처송부\소방기계-제연\MF-002 지상7층 제연설비 평면도.dwg,Model,2015-03-16 오후 11:30:43,N80,Canon iR3230 UFR II,A3,1:124.974,
C:\Users\N80\Desktop\준공도면\7월9일-최종도면-발주처송부\소방기계-제연\MF-002 지상7층 제연설비 평면도.dwg,Model,2015-03-16 오후 11:30:53,N80,Canon iR3230 UFR II,A3,1:124.974,
C:\Users\N80\Desktop\준공도면\7월9일-최종도면-발주처송부\소방기계-제연\MF-002 지상7층 제연설비 평면도.dwg,Model,2015-03-16 오후 11:31:03,N80,Canon iR3230 UFR II,A3,1:124.974,
C:\Users\N80\Desktop\준공도면\7월9일-최종도면-발주처송부\소방기계-제연\MF-002 지상7층 제연설비 평면도.dwg,Model,2015-03-16 오후 11:31:13,N80,Canon iR3230 UFR II,A3,1:124.974,
C:\Users\N80\Desktop\준공도면\7월9일-최종도면-발주처송부\소방기계-제연\MF-002 지상7층 제연설비 평면도.dwg,Model,2015-03-16 오후 11:31:23,N80,Canon iR3230 UFR II,A3,1:249.949,
C:\Users\N80\Desktop\준공도면\7월9일-최종도면-발주처송부\소방기계-제연\MF-002 지상7층 제연설비 평면도.dwg,Model,2015-03-16 오후 11:31:33,N80,Canon iR3230 UFR II,A3,1:249.949,
C:\Users\N80\Desktop\준공도면\7월9일-최종도면-발주처송부\전기설계도\표지.dwg,Model,2015-03-17 오전 8:00:33,N80,Canon iR3230 UFR II,A3,1:0.986735,
